<?xml version="1.0" encoding="UTF-8"?>
<!-- Generated by org.testng.reporters.JUnitReportReporter -->
<testsuite skipped="0" hostname="LAPTOP-SFSUNP5A" name="com.revature.dev.AppTest" tests="1" failures="0" timestamp="2022-06-16T11:05:57 EDT" time="0.002" errors="0">
  <testcase name="test1" time="0.002" classname="com.revature.dev.AppTest"/>
  <system-out/>
</testsuite> <!-- com.revature.dev.AppTest -->
